<html>
<body>
<pre>
<h1>Vision Build Log</h1>
<h2>Project:</h2>
D:\Desktop\05-双串口中断收发\UART1-UART2.uvproj
Project File Date:  05/20/2018

<h2>Output:</h2>
Build target 'Target 1'
compiling USART.C...
USART.C(134): warning C291: not every exit path returns a value
compiling main.c...
compiling delay.c...
linking...
Program Size: data=46.0 xdata=512 code=1778
creating hex file from ".\list\UART1-UART2"...
".\list\UART1-UART2" - 0 Error(s), 1 Warning(s).
Build target 'Target 1'
compiling USART.C...
USART.C(134): warning C291: not every exit path returns a value
compiling main.c...
compiling delay.c...
linking...
*** WARNING L16: UNCALLED SEGMENT, IGNORED FOR OVERLAY PROCESS
    SEGMENT: ?PR?_PRINTSTRING2?USART
Program Size: data=46.0 xdata=512 code=1700
creating hex file from ".\list\UART1-UART2"...
".\list\UART1-UART2" - 0 Error(s), 2 Warning(s).
Build target 'Target 1'
compiling USART.C...
USART.C(134): warning C291: not every exit path returns a value
compiling main.c...
MAIN.C(44): error C202: 'BRT_Timer0': undefined identifier
compiling delay.c...
Target not created
Build target 'Target 1'
compiling USART.C...
USART.C(134): warning C291: not every exit path returns a value
compiling main.c...
compiling delay.c...
linking...
*** WARNING L16: UNCALLED SEGMENT, IGNORED FOR OVERLAY PROCESS
    SEGMENT: ?PR?_PRINTSTRING2?USART
Program Size: data=46.0 xdata=512 code=1700
creating hex file from ".\list\UART1-UART2"...
".\list\UART1-UART2" - 0 Error(s), 2 Warning(s).
Build target 'Target 1'
compiling USART.C...
USART.C(134): warning C291: not every exit path returns a value
compiling main.c...
compiling delay.c...
linking...
*** WARNING L16: UNCALLED SEGMENT, IGNORED FOR OVERLAY PROCESS
    SEGMENT: ?PR?_PRINTSTRING2?USART
Program Size: data=46.0 xdata=512 code=1698
creating hex file from ".\list\UART1-UART2"...
".\list\UART1-UART2" - 0 Error(s), 2 Warning(s).
Build target 'Target 1'
compiling USART.C...
USART.C(134): warning C291: not every exit path returns a value
compiling main.c...
compiling delay.c...
linking...
Program Size: data=46.0 xdata=512 code=1776
creating hex file from ".\list\UART1-UART2"...
".\list\UART1-UART2" - 0 Error(s), 1 Warning(s).
Build target 'Target 1'
compiling USART.C...
USART.C(134): warning C291: not every exit path returns a value
compiling main.c...
compiling delay.c...
linking...
Program Size: data=46.0 xdata=512 code=1778
creating hex file from ".\list\UART1-UART2"...
".\list\UART1-UART2" - 0 Error(s), 1 Warning(s).
Build target 'Target 1'
compiling USART.C...
USART.C(134): warning C291: not every exit path returns a value
compiling main.c...
compiling delay.c...
linking...
Program Size: data=46.0 xdata=512 code=1775
creating hex file from ".\list\UART1-UART2"...
".\list\UART1-UART2" - 0 Error(s), 1 Warning(s).
Build target 'Target 1'
compiling USART.C...
USART.C(134): warning C291: not every exit path returns a value
compiling main.c...
compiling delay.c...
linking...
Program Size: data=46.0 xdata=512 code=1775
creating hex file from ".\list\UART1-UART2"...
".\list\UART1-UART2" - 0 Error(s), 1 Warning(s).
Build target 'Target 1'
compiling USART.C...
USART.C(134): warning C291: not every exit path returns a value
compiling main.c...
compiling delay.c...
linking...
Program Size: data=46.0 xdata=512 code=1777
creating hex file from ".\list\UART1-UART2"...
".\list\UART1-UART2" - 0 Error(s), 1 Warning(s).
Build target 'Target 1'
compiling USART.C...
USART.C(134): warning C291: not every exit path returns a value
compiling main.c...
compiling delay.c...
linking...
Program Size: data=46.0 xdata=512 code=1752
creating hex file from ".\list\UART1-UART2"...
".\list\UART1-UART2" - 0 Error(s), 1 Warning(s).
Build target 'Target 1'
compiling USART.C...
USART.C(134): warning C291: not every exit path returns a value
compiling main.c...
compiling delay.c...
linking...
Program Size: data=46.0 xdata=512 code=1752
creating hex file from ".\list\UART1-UART2"...
".\list\UART1-UART2" - 0 Error(s), 1 Warning(s).
Build target 'Target 1'
compiling USART.C...
USART.C(134): warning C291: not every exit path returns a value
compiling main.c...
compiling delay.c...
linking...
Program Size: data=46.0 xdata=512 code=1752
creating hex file from ".\list\UART1-UART2"...
".\list\UART1-UART2" - 0 Error(s), 1 Warning(s).
Build target 'Target 1'
compiling USART.C...
USART.C(134): warning C291: not every exit path returns a value
compiling main.c...
compiling delay.c...
linking...
Program Size: data=46.0 xdata=512 code=1752
creating hex file from ".\list\UART1-UART2"...
".\list\UART1-UART2" - 0 Error(s), 1 Warning(s).
Build target 'Target 1'
compiling USART.C...
USART.C(134): warning C291: not every exit path returns a value
linking...
Program Size: data=46.0 xdata=512 code=1752
creating hex file from ".\list\UART1-UART2"...
".\list\UART1-UART2" - 0 Error(s), 1 Warning(s).
Build target 'Target 1'
compiling USART.C...
USART.C(134): warning C291: not every exit path returns a value
compiling main.c...
compiling delay.c...
linking...
Program Size: data=46.0 xdata=512 code=1752
creating hex file from ".\list\UART1-UART2"...
".\list\UART1-UART2" - 0 Error(s), 1 Warning(s).
Build target 'Target 1'
compiling USART.C...
USART.C(134): warning C291: not every exit path returns a value
compiling main.c...
compiling delay.c...
linking...
Program Size: data=46.0 xdata=512 code=1754
creating hex file from ".\list\UART1-UART2"...
".\list\UART1-UART2" - 0 Error(s), 1 Warning(s).
Build target 'Target 1'
compiling USART.C...
USART.C(134): warning C291: not every exit path returns a value
compiling main.c...
compiling delay.c...
linking...
Program Size: data=46.0 xdata=512 code=1777
creating hex file from ".\list\UART1-UART2"...
".\list\UART1-UART2" - 0 Error(s), 1 Warning(s).
Build target 'Target 1'
compiling USART.C...
USART.C(143): error C202: 'SUBF': undefined identifier
compiling main.c...
compiling delay.c...
Target not created
Build target 'Target 1'
compiling USART.C...
USART.C(134): warning C291: not every exit path returns a value
compiling main.c...
compiling delay.c...
linking...
Program Size: data=46.0 xdata=512 code=1754
creating hex file from ".\list\UART1-UART2"...
".\list\UART1-UART2" - 0 Error(s), 1 Warning(s).
Build target 'Target 1'
compiling USART.C...
USART.C(134): warning C291: not every exit path returns a value
compiling main.c...
compiling delay.c...
linking...
Program Size: data=46.0 xdata=512 code=1754
creating hex file from ".\list\UART1-UART2"...
".\list\UART1-UART2" - 0 Error(s), 1 Warning(s).
Build target 'Target 1'
compiling USART.C...
USART.C(204): error C202: 'SBUFF': undefined identifier
compiling main.c...
compiling delay.c...
Target not created
Build target 'Target 1'
compiling USART.C...
USART.C(134): warning C291: not every exit path returns a value
compiling main.c...
compiling delay.c...
linking...
Program Size: data=46.0 xdata=512 code=1721
creating hex file from ".\list\UART1-UART2"...
".\list\UART1-UART2" - 0 Error(s), 1 Warning(s).
Build target 'Target 1'
compiling USART.C...
USART.C(134): warning C291: not every exit path returns a value
linking...
Program Size: data=46.0 xdata=512 code=1717
creating hex file from ".\list\UART1-UART2"...
".\list\UART1-UART2" - 0 Error(s), 1 Warning(s).
Build target 'Target 1'
linking...
Program Size: data=46.0 xdata=512 code=1717
creating hex file from ".\list\UART1-UART2"...
".\list\UART1-UART2" - 0 Error(s), 0 Warning(s).
Build target 'Target 1'
linking...
Program Size: data=46.0 xdata=512 code=1717
creating hex file from ".\list\UART1-UART2"...
".\list\UART1-UART2" - 0 Error(s), 0 Warning(s).
Build target 'Target 1'
compiling USART.C...
USART.C(134): warning C291: not every exit path returns a value
linking...
Program Size: data=46.0 xdata=512 code=1718
creating hex file from ".\list\UART1-UART2"...
".\list\UART1-UART2" - 0 Error(s), 1 Warning(s).
Build target 'Target 1'
compiling USART.C...
USART.C(134): warning C291: not every exit path returns a value
compiling main.c...
compiling delay.c...
linking...
Program Size: data=46.0 xdata=512 code=1718
creating hex file from ".\list\UART1-UART2"...
".\list\UART1-UART2" - 0 Error(s), 1 Warning(s).
Build target 'Target 1'
compiling USART.C...
USART.C(134): warning C291: not every exit path returns a value
compiling main.c...
compiling delay.c...
linking...
Program Size: data=46.0 xdata=512 code=1718
creating hex file from ".\list\UART1-UART2"...
".\list\UART1-UART2" - 0 Error(s), 1 Warning(s).
Build target 'Target 1'
compiling USART.C...
USART.C(134): warning C291: not every exit path returns a value
compiling main.c...
compiling delay.c...
linking...
Program Size: data=46.0 xdata=512 code=1722
creating hex file from ".\list\UART1-UART2"...
".\list\UART1-UART2" - 0 Error(s), 1 Warning(s).
Build target 'Target 1'
compiling USART.C...
USART.C(136): warning C291: not every exit path returns a value
linking...
Program Size: data=46.0 xdata=513 code=1731
creating hex file from ".\list\UART1-UART2"...
".\list\UART1-UART2" - 0 Error(s), 1 Warning(s).
Build target 'Target 1'
compiling USART.C...
USART.C(24): error C141: syntax error near 'volatile'
compiling main.c...
compiling delay.c...
Target not created
Build target 'Target 1'
compiling USART.C...
USART.C(136): warning C291: not every exit path returns a value
linking...
Program Size: data=46.0 xdata=513 code=1731
creating hex file from ".\list\UART1-UART2"...
".\list\UART1-UART2" - 0 Error(s), 1 Warning(s).
Build target 'Target 1'
compiling USART.C...
USART.C(136): warning C291: not every exit path returns a value
compiling main.c...
compiling delay.c...
linking...
Program Size: data=46.0 xdata=513 code=1731
creating hex file from ".\list\UART1-UART2"...
".\list\UART1-UART2" - 0 Error(s), 1 Warning(s).
Build target 'Target 1'
compiling USART.C...
USART.C(134): warning C291: not every exit path returns a value
compiling main.c...
compiling delay.c...
linking...
Program Size: data=46.0 xdata=512 code=1777
creating hex file from ".\list\UART1-UART2"...
".\list\UART1-UART2" - 0 Error(s), 1 Warning(s).
Build target 'Target 1'
compiling USART.C...
USART.C(134): warning C291: not every exit path returns a value
compiling main.c...
compiling delay.c...
linking...
Program Size: data=46.0 xdata=512 code=1765
creating hex file from ".\list\UART1-UART2"...
".\list\UART1-UART2" - 0 Error(s), 1 Warning(s).
Build target 'Target 1'
compiling USART.C...
USART.C(134): warning C291: not every exit path returns a value
compiling main.c...
compiling delay.c...
linking...
Program Size: data=46.0 xdata=512 code=1765
creating hex file from ".\list\UART1-UART2"...
".\list\UART1-UART2" - 0 Error(s), 1 Warning(s).
Build target 'Target 1'
compiling USART.C...
USART.C(134): warning C291: not every exit path returns a value
compiling main.c...
compiling delay.c...
linking...
Program Size: data=46.0 xdata=512 code=1765
creating hex file from ".\list\UART1-UART2"...
".\list\UART1-UART2" - 0 Error(s), 1 Warning(s).
Build target 'Target 1'
compiling USART.C...
USART.C(134): warning C291: not every exit path returns a value
linking...
Program Size: data=46.0 xdata=512 code=1777
creating hex file from ".\list\UART1-UART2"...
".\list\UART1-UART2" - 0 Error(s), 1 Warning(s).
Build target 'Target 1'
compiling USART.C...
USART.C(134): warning C291: not every exit path returns a value
compiling main.c...
compiling delay.c...
linking...
Program Size: data=46.0 xdata=512 code=1757
creating hex file from ".\list\UART1-UART2"...
".\list\UART1-UART2" - 0 Error(s), 1 Warning(s).
Build target 'Target 1'
compiling USART.C...
USART.C(134): warning C291: not every exit path returns a value
compiling main.c...
compiling delay.c...
linking...
Program Size: data=46.0 xdata=512 code=1757
creating hex file from ".\list\UART1-UART2"...
".\list\UART1-UART2" - 0 Error(s), 1 Warning(s).
Build target 'Target 1'
compiling USART.C...
USART.C(209): error C141: syntax error near 'else'
USART.C(214): error C141: syntax error near 'void'
Target not created
Build target 'Target 1'
compiling USART.C...
USART.C(215): error C141: syntax error near 'void'
Target not created
Build target 'Target 1'
compiling USART.C...
USART.C(134): warning C291: not every exit path returns a value
linking...
Program Size: data=46.0 xdata=512 code=1729
creating hex file from ".\list\UART1-UART2"...
".\list\UART1-UART2" - 0 Error(s), 1 Warning(s).
Build target 'Target 1'
compiling USART.C...
USART.C(134): warning C291: not every exit path returns a value
linking...
Program Size: data=46.0 xdata=512 code=1729
creating hex file from ".\list\UART1-UART2"...
".\list\UART1-UART2" - 0 Error(s), 1 Warning(s).
Build target 'Target 1'
compiling USART.C...
USART.C(147): warning C206: 'delay_ms': missing function-prototype
USART.C(147): error C267: 'delay_ms': requires ANSI-style prototype
compiling main.c...
compiling delay.c...
Target not created
Build target 'Target 1'
compiling USART.C...
USART.C(135): warning C291: not every exit path returns a value
compiling main.c...
compiling delay.c...
linking...
Program Size: data=46.0 xdata=512 code=1740
creating hex file from ".\list\UART1-UART2"...
".\list\UART1-UART2" - 0 Error(s), 1 Warning(s).
Build target 'Target 1'
compiling USART.C...
USART.C(135): warning C291: not every exit path returns a value
linking...
Program Size: data=46.0 xdata=512 code=1721
creating hex file from ".\list\UART1-UART2"...
".\list\UART1-UART2" - 0 Error(s), 1 Warning(s).
Build target 'Target 1'
compiling USART.C...
USART.C(135): warning C291: not every exit path returns a value
linking...
Program Size: data=46.0 xdata=512 code=1724
creating hex file from ".\list\UART1-UART2"...
".\list\UART1-UART2" - 0 Error(s), 1 Warning(s).
Build target 'Target 1'
compiling USART.C...
USART.C(135): warning C291: not every exit path returns a value
linking...
Program Size: data=46.0 xdata=512 code=1732
creating hex file from ".\list\UART1-UART2"...
".\list\UART1-UART2" - 0 Error(s), 1 Warning(s).
Build target 'Target 1'
compiling USART.C...
USART.C(134): warning C291: not every exit path returns a value
compiling main.c...
compiling delay.c...
linking...
Program Size: data=46.0 xdata=512 code=1777
creating hex file from ".\list\UART1-UART2"...
".\list\UART1-UART2" - 0 Error(s), 1 Warning(s).
Build target 'Target 1'
compiling USART.C...
USART.C(162): warning C206: 'UartSend': missing function-prototype
USART.C(162): error C267: 'UartSend': requires ANSI-style prototype
Target not created
Build target 'Target 1'
compiling USART.C...
USART.C(134): warning C291: not every exit path returns a value
compiling main.c...
compiling delay.c...
linking...
Program Size: data=46.0 xdata=512 code=1736
creating hex file from ".\list\UART1-UART2"...
".\list\UART1-UART2" - 0 Error(s), 1 Warning(s).
Build target 'Target 1'
compiling USART.C...
USART.C(134): warning C291: not every exit path returns a value
compiling main.c...
compiling delay.c...
linking...
Program Size: data=46.0 xdata=512 code=1738
creating hex file from ".\list\UART1-UART2"...
".\list\UART1-UART2" - 0 Error(s), 1 Warning(s).
Build target 'Target 1'
compiling USART.C...
USART.C(134): warning C291: not every exit path returns a value
linking...
Program Size: data=46.0 xdata=512 code=1738
creating hex file from ".\list\UART1-UART2"...
".\list\UART1-UART2" - 0 Error(s), 1 Warning(s).
Build target 'Target 1'
compiling USART.C...
USART.C(134): warning C291: not every exit path returns a value
linking...
Program Size: data=46.0 xdata=512 code=1738
creating hex file from ".\list\UART1-UART2"...
".\list\UART1-UART2" - 0 Error(s), 1 Warning(s).
Build target 'Target 1'
compiling USART.C...
USART.C(135): warning C291: not every exit path returns a value
compiling main.c...
compiling delay.c...
linking...
Program Size: data=46.1 xdata=512 code=1739
creating hex file from ".\list\UART1-UART2"...
".\list\UART1-UART2" - 0 Error(s), 1 Warning(s).
